<?xml version="1.0" encoding="UTF-8"?>
<testsuite name="com.example.ex2.repository.MemoRepositoryTests" tests="1" skipped="0" failures="0" errors="0" timestamp="2022-08-17T03:27:26" hostname="DESKTOP-KH2FI2J" time="0.319">
  <properties/>
  <testcase name="testQueryMethods2()" classname="com.example.ex2.repository.MemoRepositoryTests" time="0.319"/>
  <system-out><![CDATA[12:27:21.702 [Test worker] DEBUG org.springframework.test.context.BootstrapUtils - Instantiating CacheAwareContextLoaderDelegate from class [org.springframework.test.context.cache.DefaultCacheAwareContextLoaderDelegate]
12:27:21.746 [Test worker] DEBUG org.springframework.test.context.BootstrapUtils - Instantiating BootstrapContext using constructor [public org.springframework.test.context.support.DefaultBootstrapContext(java.lang.Class,org.springframework.test.context.CacheAwareContextLoaderDelegate)]
12:27:21.799 [Test worker] DEBUG org.springframework.test.context.BootstrapUtils - Instantiating TestContextBootstrapper for test class [com.example.ex2.repository.MemoRepositoryTests] from class [org.springframework.boot.test.context.SpringBootTestContextBootstrapper]
12:27:21.818 [Test worker] INFO org.springframework.boot.test.context.SpringBootTestContextBootstrapper - Neither @ContextConfiguration nor @ContextHierarchy found for test class [com.example.ex2.repository.MemoRepositoryTests], using SpringBootContextLoader
12:27:21.823 [Test worker] DEBUG org.springframework.test.context.support.AbstractContextLoader - Did not detect default resource location for test class [com.example.ex2.repository.MemoRepositoryTests]: class path resource [com/example/ex2/repository/MemoRepositoryTests-context.xml] does not exist
12:27:21.825 [Test worker] DEBUG org.springframework.test.context.support.AbstractContextLoader - Did not detect default resource location for test class [com.example.ex2.repository.MemoRepositoryTests]: class path resource [com/example/ex2/repository/MemoRepositoryTestsContext.groovy] does not exist
12:27:21.826 [Test worker] INFO org.springframework.test.context.support.AbstractContextLoader - Could not detect default resource locations for test class [com.example.ex2.repository.MemoRepositoryTests]: no resource found for suffixes {-context.xml, Context.groovy}.
12:27:21.827 [Test worker] INFO org.springframework.test.context.support.AnnotationConfigContextLoaderUtils - Could not detect default configuration classes for test class [com.example.ex2.repository.MemoRepositoryTests]: MemoRepositoryTests does not declare any static, non-private, non-final, nested classes annotated with @Configuration.
12:27:21.889 [Test worker] DEBUG org.springframework.test.context.support.ActiveProfilesUtils - Could not find an 'annotation declaring class' for annotation type [org.springframework.test.context.ActiveProfiles] and class [com.example.ex2.repository.MemoRepositoryTests]
12:27:21.974 [Test worker] DEBUG org.springframework.context.annotation.ClassPathScanningCandidateComponentProvider - Identified candidate component class: file [C:\_project\ex2\build\classes\java\main\com\example\ex2\Ex2Application.class]
12:27:21.975 [Test worker] INFO org.springframework.boot.test.context.SpringBootTestContextBootstrapper - Found @SpringBootConfiguration com.example.ex2.Ex2Application for test class com.example.ex2.repository.MemoRepositoryTests
12:27:22.145 [Test worker] DEBUG org.springframework.boot.test.context.SpringBootTestContextBootstrapper - @TestExecutionListeners is not present for class [com.example.ex2.repository.MemoRepositoryTests]: using defaults.
12:27:22.146 [Test worker] INFO org.springframework.boot.test.context.SpringBootTestContextBootstrapper - Loaded default TestExecutionListener class names from location [META-INF/spring.factories]: [org.springframework.boot.test.autoconfigure.restdocs.RestDocsTestExecutionListener, org.springframework.boot.test.autoconfigure.web.client.MockRestServiceServerResetTestExecutionListener, org.springframework.boot.test.autoconfigure.web.servlet.MockMvcPrintOnlyOnFailureTestExecutionListener, org.springframework.boot.test.autoconfigure.web.servlet.WebDriverTestExecutionListener, org.springframework.boot.test.autoconfigure.webservices.client.MockWebServiceServerTestExecutionListener, org.springframework.boot.test.mock.mockito.MockitoTestExecutionListener, org.springframework.boot.test.mock.mockito.ResetMocksTestExecutionListener, org.springframework.test.context.web.ServletTestExecutionListener, org.springframework.test.context.support.DirtiesContextBeforeModesTestExecutionListener, org.springframework.test.context.event.ApplicationEventsTestExecutionListener, org.springframework.test.context.support.DependencyInjectionTestExecutionListener, org.springframework.test.context.support.DirtiesContextTestExecutionListener, org.springframework.test.context.transaction.TransactionalTestExecutionListener, org.springframework.test.context.jdbc.SqlScriptsTestExecutionListener, org.springframework.test.context.event.EventPublishingTestExecutionListener]
12:27:22.167 [Test worker] INFO org.springframework.boot.test.context.SpringBootTestContextBootstrapper - Using TestExecutionListeners: [org.springframework.test.context.web.ServletTestExecutionListener@ce702d, org.springframework.test.context.support.DirtiesContextBeforeModesTestExecutionListener@194089b, org.springframework.test.context.event.ApplicationEventsTestExecutionListener@a20101, org.springframework.boot.test.mock.mockito.MockitoTestExecutionListener@7f9738, org.springframework.boot.test.autoconfigure.SpringBootDependencyInjectionTestExecutionListener@155d082, org.springframework.test.context.support.DirtiesContextTestExecutionListener@5ecce3, org.springframework.test.context.transaction.TransactionalTestExecutionListener@1868a0, org.springframework.test.context.jdbc.SqlScriptsTestExecutionListener@a6e30c, org.springframework.test.context.event.EventPublishingTestExecutionListener@138e79a, org.springframework.boot.test.autoconfigure.restdocs.RestDocsTestExecutionListener@1cd168a, org.springframework.boot.test.autoconfigure.web.client.MockRestServiceServerResetTestExecutionListener@8526fb, org.springframework.boot.test.autoconfigure.web.servlet.MockMvcPrintOnlyOnFailureTestExecutionListener@1a21c64, org.springframework.boot.test.autoconfigure.web.servlet.WebDriverTestExecutionListener@1803bfd, org.springframework.boot.test.autoconfigure.webservices.client.MockWebServiceServerTestExecutionListener@bc14c1, org.springframework.boot.test.mock.mockito.ResetMocksTestExecutionListener@11f4093]
12:27:22.171 [Test worker] DEBUG org.springframework.test.context.support.AbstractDirtiesContextTestExecutionListener - Before test class: context [DefaultTestContext@c0e420 testClass = MemoRepositoryTests, testInstance = [null], testMethod = [null], testException = [null], mergedContextConfiguration = [WebMergedContextConfiguration@9710d9 testClass = MemoRepositoryTests, locations = '{}', classes = '{class com.example.ex2.Ex2Application}', contextInitializerClasses = '[]', activeProfiles = '{}', propertySourceLocations = '{}', propertySourceProperties = '{org.springframework.boot.test.context.SpringBootTestContextBootstrapper=true}', contextCustomizers = set[org.springframework.boot.test.autoconfigure.actuate.metrics.MetricsExportContextCustomizerFactory$DisableMetricExportContextCustomizer@7e3f6, org.springframework.boot.test.autoconfigure.properties.PropertyMappingContextCustomizer@0, org.springframework.boot.test.autoconfigure.web.servlet.WebDriverContextCustomizerFactory$Customizer@114b6c2, org.springframework.boot.test.context.filter.ExcludeFilterContextCustomizer@14c50bc, org.springframework.boot.test.json.DuplicateJsonObjectContextCustomizerFactory$DuplicateJsonObjectContextCustomizer@91b9b8, org.springframework.boot.test.mock.mockito.MockitoContextCustomizer@0, org.springframework.boot.test.web.client.TestRestTemplateContextCustomizer@7a8303, org.springframework.boot.test.context.SpringBootTestArgs@1, org.springframework.boot.test.context.SpringBootTestWebEnvironment@c77c7], resourceBasePath = 'src/main/webapp', contextLoader = 'org.springframework.boot.test.context.SpringBootContextLoader', parent = [null]], attributes = map['org.springframework.test.context.web.ServletTestExecutionListener.activateListener' -> true]], class annotated with @DirtiesContext [false] with mode [null].

  .   ____          _            __ _ _
 /\\ / ___'_ __ _ _(_)_ __  __ _ \ \ \ \
( ( )\___ | '_ | '_| | '_ \/ _` | \ \ \ \
 \\/  ___)| |_)| | | | | || (_| |  ) ) ) )
  '  |____| .__|_| |_|_| |_\__, | / / / /
 =========|_|==============|___/=/_/_/_/
 :: Spring Boot ::                (v2.7.2)

2022-08-17 12:27:22.491  INFO 2276 --- [    Test worker] c.e.ex2.repository.MemoRepositoryTests   : Starting MemoRepositoryTests using Java 1.8.0_65 on DESKTOP-KH2FI2J with PID 2276 (started by user in C:\_project\ex2)
2022-08-17 12:27:22.493  INFO 2276 --- [    Test worker] c.e.ex2.repository.MemoRepositoryTests   : No active profile set, falling back to 1 default profile: "default"
2022-08-17 12:27:23.134  INFO 2276 --- [    Test worker] .s.d.r.c.RepositoryConfigurationDelegate : Bootstrapping Spring Data JPA repositories in DEFAULT mode.
2022-08-17 12:27:23.188  INFO 2276 --- [    Test worker] .s.d.r.c.RepositoryConfigurationDelegate : Finished Spring Data repository scanning in 42 ms. Found 1 JPA repository interfaces.
2022-08-17 12:27:23.788  INFO 2276 --- [    Test worker] o.hibernate.jpa.internal.util.LogHelper  : HHH000204: Processing PersistenceUnitInfo [name: default]
2022-08-17 12:27:23.869  INFO 2276 --- [    Test worker] org.hibernate.Version                    : HHH000412: Hibernate ORM core version 5.6.10.Final
2022-08-17 12:27:24.106  INFO 2276 --- [    Test worker] o.hibernate.annotations.common.Version   : HCANN000001: Hibernate Commons Annotations {5.1.2.Final}
2022-08-17 12:27:24.334  INFO 2276 --- [    Test worker] com.zaxxer.hikari.HikariDataSource       : HikariPool-1 - Starting...
2022-08-17 12:27:24.720  INFO 2276 --- [    Test worker] com.zaxxer.hikari.HikariDataSource       : HikariPool-1 - Start completed.
2022-08-17 12:27:24.757  INFO 2276 --- [    Test worker] org.hibernate.dialect.Dialect            : HHH000400: Using dialect: org.hibernate.dialect.MySQL8Dialect
2022-08-17 12:27:25.474  INFO 2276 --- [    Test worker] o.h.e.t.j.p.i.JtaPlatformInitiator       : HHH000490: Using JtaPlatform implementation: [org.hibernate.engine.transaction.jta.platform.internal.NoJtaPlatform]
2022-08-17 12:27:25.484  INFO 2276 --- [    Test worker] j.LocalContainerEntityManagerFactoryBean : Initialized JPA EntityManagerFactory for persistence unit 'default'
2022-08-17 12:27:25.702  WARN 2276 --- [    Test worker] JpaBaseConfiguration$JpaWebConfiguration : spring.jpa.open-in-view is enabled by default. Therefore, database queries may be performed during view rendering. Explicitly configure spring.jpa.open-in-view to disable this warning
2022-08-17 12:27:26.669  INFO 2276 --- [    Test worker] c.e.ex2.repository.MemoRepositoryTests   : Started MemoRepositoryTests in 4.454 seconds (JVM running for 5.838)
Hibernate: 
    select
        memo0_.mno as mno1_0_,
        memo0_.memo_text as memo_tex2_0_ 
    from
        tbl_memo memo0_ 
    where
        memo0_.mno<? limit ?, ?
Hibernate: 
    select
        count(memo0_.mno) as col_0_0_ 
    from
        tbl_memo memo0_ 
    where
        memo0_.mno<?
Memo(mno=31, memoText=샘플...31)
Memo(mno=32, memoText=샘플...32)
Memo(mno=33, memoText=샘플...33)
Memo(mno=34, memoText=샘플...34)
Memo(mno=35, memoText=샘플...35)
Memo(mno=36, memoText=샘플...36)
Memo(mno=37, memoText=샘플...37)
Memo(mno=38, memoText=샘플...38)
Memo(mno=39, memoText=샘플...39)
Memo(mno=40, memoText=샘플...40)
]]></system-out>
  <system-err><![CDATA[]]></system-err>
</testsuite>
